$  python imagenet_inversion.py --bs=84 --do_flip --exp_name="test_mnv2_set0" --r_feature=0.01 --arch_name="mobilenet_v2" --verifier --verifier_arch="r
esnet18" --setting_id=0 --lr=0.2 --adi_scale=0.0 --l2=0.00001
Namespace(adi_scale=0.0, arch_name='mobilenet_v2', bs=84, comment='', do_flip=True, epochs=20000, exp_name='test_mnv2_set0', fp16=False, jitter=30, l2=1e-05, local_rank=0, lr=0.2, main_loss_multiplier=1.0, no_cuda=False, r_feature=0.01, random_label=False, setting_id=
0, tv_l1=0.0, tv_l2=0.0001, verifier=True, verifier_arch='resnet18', wd=0.01, worldsize=1)
loading torchvision model for inversion with the name: mobilenet_v2
==> Resuming from checkpoint..
==> Getting BN params as feature statistics
loading verifier:  resnet18
Deep inversion class generation
get_images call
------------iteration 100----------
total loss 3.482088804244995
loss_r_feature 188.9123077392578
main criterion 0.8707727789878845
Verifier accuracy:  0.0
------------iteration 200----------
total loss 3.0610427856445312
loss_r_feature 207.21432495117188
main criterion 0.16552281379699707
Verifier accuracy:  0.0
------------iteration 300----------
total loss 3.0640416145324707
loss_r_feature 197.27249145507812
main criterion 0.31159523129463196
Verifier accuracy:  5.952381134033203
------------iteration 400----------
total loss 2.802457332611084
loss_r_feature 192.7845001220703
main criterion 0.13211332261562347
Verifier accuracy:  3.5714285373687744
------------iteration 500----------
total loss 2.019845724105835
loss_r_feature 130.70864868164062
main criterion 0.011200053617358208
Verifier accuracy:  9.523809432983398
------------iteration 600----------
total loss 2.262993812561035
loss_r_feature 154.48069763183594
main criterion 0.05309981480240822
Verifier accuracy:  5.952381134033203
------------iteration 700----------
total loss 1.8827401399612427
loss_r_feature 122.04618072509766
main criterion 0.02727217972278595
Verifier accuracy:  7.142857074737549
------------iteration 800----------
total loss 1.8060630559921265
loss_r_feature 121.67047882080078
main criterion 0.007290567737072706
Verifier accuracy:  15.476190567016602
------------iteration 900----------
total loss 1.6456643342971802
loss_r_feature 108.90213775634766
main criterion 0.013873236253857613
Verifier accuracy:  14.285714149475098
------------iteration 1000----------
total loss 1.403316855430603
loss_r_feature 90.18961334228516
main criterion 0.016842082142829895
Verifier accuracy:  16.66666603088379
------------iteration 1100----------
total loss 1.5693998336791992
loss_r_feature 112.5223617553711
main criterion 0.0024354797787964344
Verifier accuracy:  17.85714340209961
------------iteration 1200----------
total loss 1.3196629285812378
loss_r_feature 88.94979858398438
main criterion 0.019705001264810562
Verifier accuracy:  28.571428298950195
------------iteration 1300----------
total loss 1.132418155670166
loss_r_feature 75.13455963134766
main criterion 0.007880108430981636
Verifier accuracy:  29.761903762817383
------------iteration 1400----------
total loss 1.1630631685256958
loss_r_feature 81.51448822021484
main criterion 0.003338359761983156
Verifier accuracy:  25.0
------------iteration 1500----------
total loss 0.849071204662323
loss_r_feature 52.43641662597656
main criterion 0.0011611892841756344
Verifier accuracy:  27.380952835083008
------------iteration 1600----------
total loss 0.7553449869155884
loss_r_feature 44.74074935913086
main criterion 0.0010790483793243766
Verifier accuracy:  15.476190567016602
------------iteration 1700----------
total loss 0.280352383852005
loss_r_feature 13.329302787780762
main criterion 0.0007046745158731937
Verifier accuracy:  26.190475463867188
------------iteration 1800----------
total loss 0.26061105728149414
loss_r_feature 11.900742530822754
main criterion 0.0009304682607762516
Verifier accuracy:  25.0
------------iteration 1900----------
total loss 0.2539810240268707
loss_r_feature 11.516486167907715
main criterion 0.0013499259948730469
Verifier accuracy:  27.380952835083008
------------iteration 2000----------
total loss 0.25407370924949646
loss_r_feature 11.625514030456543
main criterion 0.0009400731069035828
Verifier accuracy:  27.380952835083008
------------iteration 2100----------
total loss 1.186625361442566
loss_r_feature 43.52707290649414
main criterion 0.008745352737605572
Verifier accuracy:  51.19047546386719
------------iteration 2200----------
total loss 1.031857967376709
loss_r_feature 35.6275749206543
main criterion 0.0017157054971903563
Verifier accuracy:  73.80952453613281
------------iteration 2300----------
total loss 0.8248406648635864
loss_r_feature 30.27305030822754
main criterion 0.001007091486826539
Verifier accuracy:  85.71428680419922
------------iteration 2400----------
total loss 0.8060064315795898
loss_r_feature 28.234004974365234
main criterion 0.0011983144795522094
Verifier accuracy:  86.9047622680664
------------iteration 2500----------
total loss 0.7223383188247681
loss_r_feature 25.458057403564453
main criterion 0.001484291860833764
Verifier accuracy:  90.47618865966797
------------iteration 2600----------
total loss 0.5898433923721313
loss_r_feature 20.13226890563965
main criterion 0.0014175687683746219
Verifier accuracy:  91.66666412353516
------------iteration 2700----------
total loss 0.5021806955337524
loss_r_feature 16.399860382080078
main criterion 0.0010060241911560297
Verifier accuracy:  96.42857360839844
------------iteration 2800----------
total loss 0.420066237449646
loss_r_feature 13.413532257080078
main criterion 0.000963824160862714
Verifier accuracy:  92.85713958740234
------------iteration 2900----------
total loss 0.3616832494735718
loss_r_feature 10.820902824401855
main criterion 0.0006766319274902344
Verifier accuracy:  95.23809814453125
------------iteration 3000----------
total loss 0.3493320047855377
loss_r_feature 10.420402526855469
main criterion 0.0005601133452728391
Verifier accuracy:  96.42857360839844